# JRE version: Java(TM) SE Runtime Environment (8.0_101-b13) (build 1.8.0_101-b13)
# Java VM: Java HotSpot(TM) 64-Bit Server VM (25.101-b13 mixed mode linux-amd64 compressed oops)
Heap:
 def new generation   total 64768K, used 0K [0x00000000bb400000, 0x00000000bfa40000, 0x00000000d22a0000)
  eden space 57600K,   0% used [0x00000000bb400000, 0x00000000bb400000, 0x00000000bec40000)
  from space 7168K,   0% used [0x00000000bec40000, 0x00000000bec40000, 0x00000000bf340000)
  to   space 7168K,   0% used [0x00000000bf340000, 0x00000000bf340000, 0x00000000bfa40000)
 tenured generation   total 143816K, used 64677K [0x00000000d22a0000, 0x00000000daf12000, 0x0000000100000000)
   the space 143816K,  44% used [0x00000000d22a0000, 0x00000000d61c9550, 0x00000000d61c9600, 0x00000000daf12000)
 Metaspace       used 4323K, capacity 4756K, committed 4992K, reserved 1056768K
  class space    used 488K, capacity 542K, committed 640K, reserved 1048576K
GC Heap History (10 events):
Event: 12.887 GC heap before
{Heap before GC invocations=10 (full 1):
 def new generation   total 21568K, used 19200K [0x00000000bb400000, 0x00000000bcb60000, 0x00000000d22a0000)
  eden space 19200K, 100% used [0x00000000bb400000, 0x00000000bc6c0000, 0x00000000bc6c0000)
  from space 2368K,   0% used [0x00000000bc6c0000, 0x00000000bc6c0118, 0x00000000bc910000)
  to   space 2368K,   0% used [0x00000000bc910000, 0x00000000bc910000, 0x00000000bcb60000)
 tenured generation   total 79812K, used 48676K [0x00000000d22a0000, 0x00000000d7091000, 0x0000000100000000)
   the space 79812K,  60% used [0x00000000d22a0000, 0x00000000d5229258, 0x00000000d5229400, 0x00000000d7091000)
 Metaspace       used 4323K, capacity 4756K, committed 4992K, reserved 1056768K
  class space    used 488K, capacity 542K, committed 640K, reserved 1048576K
Event: 12.887 GC heap after
Heap after GC invocations=11 (full 1):
 def new generation   total 21568K, used 0K [0x00000000bb400000, 0x00000000bcb60000, 0x00000000d22a0000)
  eden space 19200K,   0% used [0x00000000bb400000, 0x00000000bb400000, 0x00000000bc6c0000)
  from space 2368K,   0% used [0x00000000bc910000, 0x00000000bc910048, 0x00000000bcb60000)
  to   space 2368K,   0% used [0x00000000bc6c0000, 0x00000000bc6c0000, 0x00000000bc910000)
 tenured generation   total 79812K, used 48676K [0x00000000d22a0000, 0x00000000d7091000, 0x0000000100000000)
   the space 79812K,  60% used [0x00000000d22a0000, 0x00000000d5229258, 0x00000000d5229400, 0x00000000d7091000)
 Metaspace       used 4323K, capacity 4756K, committed 4992K, reserved 1056768K
  class space    used 488K, capacity 542K, committed 640K, reserved 1048576K
}
Event: 12.907 GC heap before
{Heap before GC invocations=11 (full 1):
 def new generation   total 21568K, used 4222K [0x00000000bb400000, 0x00000000bcb60000, 0x00000000d22a0000)
  eden space 19200K,  21% used [0x00000000bb400000, 0x00000000bb81f938, 0x00000000bc6c0000)
  from space 2368K,   0% used [0x00000000bc910000, 0x00000000bc910048, 0x00000000bcb60000)
  to   space 2368K,   0% used [0x00000000bc6c0000, 0x00000000bc6c0000, 0x00000000bc910000)
 tenured generation   total 79812K, used 48676K [0x00000000d22a0000, 0x00000000d7091000, 0x0000000100000000)
   the space 79812K,  60% used [0x00000000d22a0000, 0x00000000d5229258, 0x00000000d5229400, 0x00000000d7091000)
 Metaspace       used 4323K, capacity 4756K, committed 4992K, reserved 1056768K
  class space    used 488K, capacity 542K, committed 640K, reserved 1048576K
Event: 12.923 GC heap after
Heap after GC invocations=12 (full 2):
 def new generation   total 35968K, used 0K [0x00000000bb400000, 0x00000000bdb00000, 0x00000000d22a0000)
  eden space 32000K,   0% used [0x00000000bb400000, 0x00000000bb400000, 0x00000000bd340000)
  from space 3968K,   0% used [0x00000000bd340000, 0x00000000bd340000, 0x00000000bd720000)
  to   space 3968K,   0% used [0x00000000bd720000, 0x00000000bd720000, 0x00000000bdb00000)
 tenured generation   total 79812K, used 32676K [0x00000000d22a0000, 0x00000000d7091000, 0x0000000100000000)
   the space 79812K,  40% used [0x00000000d22a0000, 0x00000000d4289268, 0x00000000d4289400, 0x00000000d7091000)
 Metaspace       used 4323K, capacity 4756K, committed 4992K, reserved 1056768K
  class space    used 488K, capacity 542K, committed 640K, reserved 1048576K
}
Event: 13.322 GC heap before
{Heap before GC invocations=12 (full 2):
 def new generation   total 35968K, used 32000K [0x00000000bb400000, 0x00000000bdb00000, 0x00000000d22a0000)
  eden space 32000K, 100% used [0x00000000bb400000, 0x00000000bd340000, 0x00000000bd340000)
  from space 3968K,   0% used [0x00000000bd340000, 0x00000000bd340000, 0x00000000bd720000)
  to   space 3968K,   0% used [0x00000000bd720000, 0x00000000bd720000, 0x00000000bdb00000)
 tenured generation   total 143816K, used 96676K [0x00000000d22a0000, 0x00000000daf12000, 0x0000000100000000)
   the space 143816K,  67% used [0x00000000d22a0000, 0x00000000d8109278, 0x00000000d8109400, 0x00000000daf12000)
 Metaspace       used 4323K, capacity 4756K, committed 4992K, reserved 1056768K
  class space    used 488K, capacity 542K, committed 640K, reserved 1048576K
Event: 13.323 GC heap after
Heap after GC invocations=13 (full 2):
 def new generation   total 35968K, used 0K [0x00000000bb400000, 0x00000000bdb00000, 0x00000000d22a0000)
  eden space 32000K,   0% used [0x00000000bb400000, 0x00000000bb400000, 0x00000000bd340000)
  from space 3968K,   0% used [0x00000000bd720000, 0x00000000bd720300, 0x00000000bdb00000)
  to   space 3968K,   0% used [0x00000000bd340000, 0x00000000bd340000, 0x00000000bd720000)
 tenured generation   total 143816K, used 96676K [0x00000000d22a0000, 0x00000000daf12000, 0x0000000100000000)
   the space 143816K,  67% used [0x00000000d22a0000, 0x00000000d8109278, 0x00000000d8109400, 0x00000000daf12000)
 Metaspace       used 4323K, capacity 4756K, committed 4992K, reserved 1056768K
  class space    used 488K, capacity 542K, committed 640K, reserved 1048576K
}
Event: 13.577 GC heap before
{Heap before GC invocations=13 (full 2):
 def new generation   total 35968K, used 32000K [0x00000000bb400000, 0x00000000bdb00000, 0x00000000d22a0000)
  eden space 32000K, 100% used [0x00000000bb400000, 0x00000000bd340000, 0x00000000bd340000)
  from space 3968K,   0% used [0x00000000bd720000, 0x00000000bd720300, 0x00000000bdb00000)
  to   space 3968K,   0% used [0x00000000bd340000, 0x00000000bd340000, 0x00000000bd720000)
 tenured generation   total 143816K, used 96676K [0x00000000d22a0000, 0x00000000daf12000, 0x0000000100000000)
   the space 143816K,  67% used [0x00000000d22a0000, 0x00000000d8109278, 0x00000000d8109400, 0x00000000daf12000)
 Metaspace       used 4323K, capacity 4756K, committed 4992K, reserved 1056768K
  class space    used 488K, capacity 542K, committed 640K, reserved 1048576K
Event: 13.577 GC heap after
Heap after GC invocations=14 (full 2):
 def new generation   total 35968K, used 0K [0x00000000bb400000, 0x00000000bdb00000, 0x00000000d22a0000)
  eden space 32000K,   0% used [0x00000000bb400000, 0x00000000bb400000, 0x00000000bd340000)
  from space 3968K,   0% used [0x00000000bd340000, 0x00000000bd340318, 0x00000000bd720000)
  to   space 3968K,   0% used [0x00000000bd720000, 0x00000000bd720000, 0x00000000bdb00000)
 tenured generation   total 143816K, used 96676K [0x00000000d22a0000, 0x00000000daf12000, 0x0000000100000000)
   the space 143816K,  67% used [0x00000000d22a0000, 0x00000000d8109278, 0x00000000d8109400, 0x00000000daf12000)
 Metaspace       used 4323K, capacity 4756K, committed 4992K, reserved 1056768K
  class space    used 488K, capacity 542K, committed 640K, reserved 1048576K
}
Event: 13.737 GC heap before
{Heap before GC invocations=14 (full 2):
 def new generation   total 35968K, used 14717K [0x00000000bb400000, 0x00000000bdb00000, 0x00000000d22a0000)
  eden space 32000K,  45% used [0x00000000bb400000, 0x00000000bc25f4a8, 0x00000000bd340000)
  from space 3968K,   0% used [0x00000000bd340000, 0x00000000bd340318, 0x00000000bd720000)
  to   space 3968K,   0% used [0x00000000bd720000, 0x00000000bd720000, 0x00000000bdb00000)
 tenured generation   total 143816K, used 96676K [0x00000000d22a0000, 0x00000000daf12000, 0x0000000100000000)
   the space 143816K,  67% used [0x00000000d22a0000, 0x00000000d8109278, 0x00000000d8109400, 0x00000000daf12000)
 Metaspace       used 4323K, capacity 4756K, committed 4992K, reserved 1056768K
  class space    used 488K, capacity 542K, committed 640K, reserved 1048576K
Event: 13.754 GC heap after
Heap after GC invocations=15 (full 3):
 def new generation   total 64768K, used 0K [0x00000000bb400000, 0x00000000bfa40000, 0x00000000d22a0000)
  eden space 57600K,   0% used [0x00000000bb400000, 0x00000000bb400000, 0x00000000bec40000)
  from space 7168K,   0% used [0x00000000bec40000, 0x00000000bec40000, 0x00000000bf340000)
  to   space 7168K,   0% used [0x00000000bf340000, 0x00000000bf340000, 0x00000000bfa40000)
 tenured generation   total 143816K, used 64677K [0x00000000d22a0000, 0x00000000daf12000, 0x0000000100000000)
   the space 143816K,  44% used [0x00000000d22a0000, 0x00000000d61c9550, 0x00000000d61c9600, 0x00000000daf12000)
 Metaspace       used 4323K, capacity 4756K, committed 4992K, reserved 1056768K
  class space    used 488K, capacity 542K, committed 640K, reserved 1048576K
}

