# JRE version: Java(TM) SE Runtime Environment (8.0_101-b13) (build 1.8.0_101-b13)
# Java VM: Java HotSpot(TM) 64-Bit Server VM (25.101-b13 mixed mode linux-amd64 compressed oops)
Heap:
 def new generation   total 64768K, used 0K [0x00000000bb400000, 0x00000000bfa40000, 0x00000000d22a0000)
  eden space 57600K,   0% used [0x00000000bb400000, 0x00000000bb400000, 0x00000000bec40000)
  from space 7168K,   0% used [0x00000000bec40000, 0x00000000bec40000, 0x00000000bf340000)
  to   space 7168K,   0% used [0x00000000bf340000, 0x00000000bf340000, 0x00000000bfa40000)
 tenured generation   total 143816K, used 64720K [0x00000000d22a0000, 0x00000000daf12000, 0x0000000100000000)
   the space 143816K,  45% used [0x00000000d22a0000, 0x00000000d61d4320, 0x00000000d61d4400, 0x00000000daf12000)
 Metaspace       used 4319K, capacity 4756K, committed 4992K, reserved 1056768K
  class space    used 486K, capacity 542K, committed 640K, reserved 1048576K
GC Heap History (10 events):
Event: 4.532 GC heap before
{Heap before GC invocations=10 (full 1):
 def new generation   total 21568K, used 19200K [0x00000000bb400000, 0x00000000bcb60000, 0x00000000d22a0000)
  eden space 19200K, 100% used [0x00000000bb400000, 0x00000000bc6c0000, 0x00000000bc6c0000)
  from space 2368K,   0% used [0x00000000bc6c0000, 0x00000000bc6c0118, 0x00000000bc910000)
  to   space 2368K,   0% used [0x00000000bc910000, 0x00000000bc910000, 0x00000000bcb60000)
 tenured generation   total 79812K, used 48719K [0x00000000d22a0000, 0x00000000d7091000, 0x0000000100000000)
   the space 79812K,  61% used [0x00000000d22a0000, 0x00000000d5233f98, 0x00000000d5234000, 0x00000000d7091000)
 Metaspace       used 4318K, capacity 4756K, committed 4992K, reserved 1056768K
  class space    used 486K, capacity 542K, committed 640K, reserved 1048576K
Event: 4.532 GC heap after
Heap after GC invocations=11 (full 1):
 def new generation   total 21568K, used 0K [0x00000000bb400000, 0x00000000bcb60000, 0x00000000d22a0000)
  eden space 19200K,   0% used [0x00000000bb400000, 0x00000000bb400000, 0x00000000bc6c0000)
  from space 2368K,   0% used [0x00000000bc910000, 0x00000000bc910048, 0x00000000bcb60000)
  to   space 2368K,   0% used [0x00000000bc6c0000, 0x00000000bc6c0000, 0x00000000bc910000)
 tenured generation   total 79812K, used 48719K [0x00000000d22a0000, 0x00000000d7091000, 0x0000000100000000)
   the space 79812K,  61% used [0x00000000d22a0000, 0x00000000d5233f98, 0x00000000d5234000, 0x00000000d7091000)
 Metaspace       used 4318K, capacity 4756K, committed 4992K, reserved 1056768K
  class space    used 486K, capacity 542K, committed 640K, reserved 1048576K
}
Event: 4.611 GC heap before
{Heap before GC invocations=11 (full 1):
 def new generation   total 21568K, used 9972K [0x00000000bb400000, 0x00000000bcb60000, 0x00000000d22a0000)
  eden space 19200K,  51% used [0x00000000bb400000, 0x00000000bbdbd320, 0x00000000bc6c0000)
  from space 2368K,   0% used [0x00000000bc910000, 0x00000000bc910048, 0x00000000bcb60000)
  to   space 2368K,   0% used [0x00000000bc6c0000, 0x00000000bc6c0000, 0x00000000bc910000)
 tenured generation   total 79812K, used 48719K [0x00000000d22a0000, 0x00000000d7091000, 0x0000000100000000)
   the space 79812K,  61% used [0x00000000d22a0000, 0x00000000d5233f98, 0x00000000d5234000, 0x00000000d7091000)
 Metaspace       used 4318K, capacity 4756K, committed 4992K, reserved 1056768K
  class space    used 486K, capacity 542K, committed 640K, reserved 1048576K
Event: 4.639 GC heap after
Heap after GC invocations=12 (full 2):
 def new generation   total 35968K, used 0K [0x00000000bb400000, 0x00000000bdb00000, 0x00000000d22a0000)
  eden space 32000K,   0% used [0x00000000bb400000, 0x00000000bb400000, 0x00000000bd340000)
  from space 3968K,   0% used [0x00000000bd340000, 0x00000000bd340000, 0x00000000bd720000)
  to   space 3968K,   0% used [0x00000000bd720000, 0x00000000bd720000, 0x00000000bdb00000)
 tenured generation   total 79812K, used 32719K [0x00000000d22a0000, 0x00000000d7091000, 0x0000000100000000)
   the space 79812K,  40% used [0x00000000d22a0000, 0x00000000d4293f58, 0x00000000d4294000, 0x00000000d7091000)
 Metaspace       used 4318K, capacity 4756K, committed 4992K, reserved 1056768K
  class space    used 486K, capacity 542K, committed 640K, reserved 1048576K
}
Event: 4.968 GC heap before
{Heap before GC invocations=12 (full 2):
 def new generation   total 35968K, used 32000K [0x00000000bb400000, 0x00000000bdb00000, 0x00000000d22a0000)
  eden space 32000K, 100% used [0x00000000bb400000, 0x00000000bd340000, 0x00000000bd340000)
  from space 3968K,   0% used [0x00000000bd340000, 0x00000000bd340000, 0x00000000bd720000)
  to   space 3968K,   0% used [0x00000000bd720000, 0x00000000bd720000, 0x00000000bdb00000)
 tenured generation   total 143816K, used 96719K [0x00000000d22a0000, 0x00000000daf12000, 0x0000000100000000)
   the space 143816K,  67% used [0x00000000d22a0000, 0x00000000d8113f68, 0x00000000d8114000, 0x00000000daf12000)
 Metaspace       used 4319K, capacity 4756K, committed 4992K, reserved 1056768K
  class space    used 486K, capacity 542K, committed 640K, reserved 1048576K
Event: 4.968 GC heap after
Heap after GC invocations=13 (full 2):
 def new generation   total 35968K, used 0K [0x00000000bb400000, 0x00000000bdb00000, 0x00000000d22a0000)
  eden space 32000K,   0% used [0x00000000bb400000, 0x00000000bb400000, 0x00000000bd340000)
  from space 3968K,   0% used [0x00000000bd720000, 0x00000000bd720318, 0x00000000bdb00000)
  to   space 3968K,   0% used [0x00000000bd340000, 0x00000000bd340000, 0x00000000bd720000)
 tenured generation   total 143816K, used 96719K [0x00000000d22a0000, 0x00000000daf12000, 0x0000000100000000)
   the space 143816K,  67% used [0x00000000d22a0000, 0x00000000d8113f68, 0x00000000d8114000, 0x00000000daf12000)
 Metaspace       used 4319K, capacity 4756K, committed 4992K, reserved 1056768K
  class space    used 486K, capacity 542K, committed 640K, reserved 1048576K
}
Event: 5.324 GC heap before
{Heap before GC invocations=13 (full 2):
 def new generation   total 35968K, used 32000K [0x00000000bb400000, 0x00000000bdb00000, 0x00000000d22a0000)
  eden space 32000K, 100% used [0x00000000bb400000, 0x00000000bd340000, 0x00000000bd340000)
  from space 3968K,   0% used [0x00000000bd720000, 0x00000000bd720318, 0x00000000bdb00000)
  to   space 3968K,   0% used [0x00000000bd340000, 0x00000000bd340000, 0x00000000bd720000)
 tenured generation   total 143816K, used 96719K [0x00000000d22a0000, 0x00000000daf12000, 0x0000000100000000)
   the space 143816K,  67% used [0x00000000d22a0000, 0x00000000d8113f68, 0x00000000d8114000, 0x00000000daf12000)
 Metaspace       used 4319K, capacity 4756K, committed 4992K, reserved 1056768K
  class space    used 486K, capacity 542K, committed 640K, reserved 1048576K
Event: 5.325 GC heap after
Heap after GC invocations=14 (full 2):
 def new generation   total 35968K, used 1K [0x00000000bb400000, 0x00000000bdb00000, 0x00000000d22a0000)
  eden space 32000K,   0% used [0x00000000bb400000, 0x00000000bb400000, 0x00000000bd340000)
  from space 3968K,   0% used [0x00000000bd340000, 0x00000000bd340488, 0x00000000bd720000)
  to   space 3968K,   0% used [0x00000000bd720000, 0x00000000bd720000, 0x00000000bdb00000)
 tenured generation   total 143816K, used 96719K [0x00000000d22a0000, 0x00000000daf12000, 0x0000000100000000)
   the space 143816K,  67% used [0x00000000d22a0000, 0x00000000d8113f68, 0x00000000d8114000, 0x00000000daf12000)
 Metaspace       used 4319K, capacity 4756K, committed 4992K, reserved 1056768K
  class space    used 486K, capacity 542K, committed 640K, reserved 1048576K
}
Event: 5.554 GC heap before
{Heap before GC invocations=14 (full 2):
 def new generation   total 35968K, used 17814K [0x00000000bb400000, 0x00000000bdb00000, 0x00000000d22a0000)
  eden space 32000K,  55% used [0x00000000bb400000, 0x00000000bc565550, 0x00000000bd340000)
  from space 3968K,   0% used [0x00000000bd340000, 0x00000000bd340488, 0x00000000bd720000)
  to   space 3968K,   0% used [0x00000000bd720000, 0x00000000bd720000, 0x00000000bdb00000)
 tenured generation   total 143816K, used 96719K [0x00000000d22a0000, 0x00000000daf12000, 0x0000000100000000)
   the space 143816K,  67% used [0x00000000d22a0000, 0x00000000d8113f68, 0x00000000d8114000, 0x00000000daf12000)
 Metaspace       used 4319K, capacity 4756K, committed 4992K, reserved 1056768K
  class space    used 486K, capacity 542K, committed 640K, reserved 1048576K
Event: 5.605 GC heap after
Heap after GC invocations=15 (full 3):
 def new generation   total 64768K, used 0K [0x00000000bb400000, 0x00000000bfa40000, 0x00000000d22a0000)
  eden space 57600K,   0% used [0x00000000bb400000, 0x00000000bb400000, 0x00000000bec40000)
  from space 7168K,   0% used [0x00000000bec40000, 0x00000000bec40000, 0x00000000bf340000)
  to   space 7168K,   0% used [0x00000000bf340000, 0x00000000bf340000, 0x00000000bfa40000)
 tenured generation   total 143816K, used 64720K [0x00000000d22a0000, 0x00000000daf12000, 0x0000000100000000)
   the space 143816K,  45% used [0x00000000d22a0000, 0x00000000d61d4320, 0x00000000d61d4400, 0x00000000daf12000)
 Metaspace       used 4319K, capacity 4756K, committed 4992K, reserved 1056768K
  class space    used 486K, capacity 542K, committed 640K, reserved 1048576K
}

