# JRE version: Java(TM) SE Runtime Environment (8.0_101-b13) (build 1.8.0_101-b13)
# Java VM: Java HotSpot(TM) 64-Bit Server VM (25.101-b13 mixed mode linux-amd64 compressed oops)
Heap:
 def new generation   total 122368K, used 0K [0x00000000bb400000, 0x00000000c38c0000, 0x00000000d22a0000)
  eden space 108800K,   0% used [0x00000000bb400000, 0x00000000bb400000, 0x00000000c1e40000)
  from space 13568K,   0% used [0x00000000c2b80000, 0x00000000c2b80000, 0x00000000c38c0000)
  to   space 13568K,   0% used [0x00000000c1e40000, 0x00000000c1e40000, 0x00000000c2b80000)
 tenured generation   total 366832K, used 366175K [0x00000000d22a0000, 0x00000000e88dc000, 0x0000000100000000)
   the space 366832K,  99% used [0x00000000d22a0000, 0x00000000e8837cd8, 0x00000000e8837e00, 0x00000000e88dc000)
 Metaspace       used 4327K, capacity 4756K, committed 4992K, reserved 1056768K
  class space    used 488K, capacity 542K, committed 640K, reserved 1048576K
GC Heap History (10 events):
Event: 9.871 GC heap after
Heap after GC invocations=12 (full 2):
 def new generation   total 35968K, used 0K [0x00000000bb400000, 0x00000000bdb00000, 0x00000000d22a0000)
  eden space 32000K,   0% used [0x00000000bb400000, 0x00000000bb400000, 0x00000000bd340000)
  from space 3968K,   0% used [0x00000000bd720000, 0x00000000bd7203d0, 0x00000000bdb00000)
  to   space 3968K,   0% used [0x00000000bd340000, 0x00000000bd340000, 0x00000000bd720000)
 tenured generation   total 143816K, used 96676K [0x00000000d22a0000, 0x00000000daf12000, 0x0000000100000000)
   the space 143816K,  67% used [0x00000000d22a0000, 0x00000000d8109278, 0x00000000d8109400, 0x00000000daf12000)
 Metaspace       used 4327K, capacity 4756K, committed 4992K, reserved 1056768K
  class space    used 488K, capacity 542K, committed 640K, reserved 1048576K
}
Event: 10.033 GC heap before
{Heap before GC invocations=12 (full 2):
 def new generation   total 35968K, used 32000K [0x00000000bb400000, 0x00000000bdb00000, 0x00000000d22a0000)
  eden space 32000K, 100% used [0x00000000bb400000, 0x00000000bd340000, 0x00000000bd340000)
  from space 3968K,   0% used [0x00000000bd720000, 0x00000000bd7203d0, 0x00000000bdb00000)
  to   space 3968K,   0% used [0x00000000bd340000, 0x00000000bd340000, 0x00000000bd720000)
 tenured generation   total 143816K, used 96676K [0x00000000d22a0000, 0x00000000daf12000, 0x0000000100000000)
   the space 143816K,  67% used [0x00000000d22a0000, 0x00000000d8109278, 0x00000000d8109400, 0x00000000daf12000)
 Metaspace       used 4327K, capacity 4756K, committed 4992K, reserved 1056768K
  class space    used 488K, capacity 542K, committed 640K, reserved 1048576K
Event: 10.033 GC heap after
Heap after GC invocations=13 (full 2):
 def new generation   total 35968K, used 0K [0x00000000bb400000, 0x00000000bdb00000, 0x00000000d22a0000)
  eden space 32000K,   0% used [0x00000000bb400000, 0x00000000bb400000, 0x00000000bd340000)
  from space 3968K,   0% used [0x00000000bd340000, 0x00000000bd340318, 0x00000000bd720000)
  to   space 3968K,   0% used [0x00000000bd720000, 0x00000000bd720000, 0x00000000bdb00000)
 tenured generation   total 143816K, used 96676K [0x00000000d22a0000, 0x00000000daf12000, 0x0000000100000000)
   the space 143816K,  67% used [0x00000000d22a0000, 0x00000000d8109278, 0x00000000d8109400, 0x00000000daf12000)
 Metaspace       used 4327K, capacity 4756K, committed 4992K, reserved 1056768K
  class space    used 488K, capacity 542K, committed 640K, reserved 1048576K
}
Event: 10.111 GC heap before
{Heap before GC invocations=13 (full 2):
 def new generation   total 35968K, used 15304K [0x00000000bb400000, 0x00000000bdb00000, 0x00000000d22a0000)
  eden space 32000K,  47% used [0x00000000bb400000, 0x00000000bc2f1e28, 0x00000000bd340000)
  from space 3968K,   0% used [0x00000000bd340000, 0x00000000bd340318, 0x00000000bd720000)
  to   space 3968K,   0% used [0x00000000bd720000, 0x00000000bd720000, 0x00000000bdb00000)
 tenured generation   total 143816K, used 96676K [0x00000000d22a0000, 0x00000000daf12000, 0x0000000100000000)
   the space 143816K,  67% used [0x00000000d22a0000, 0x00000000d8109278, 0x00000000d8109400, 0x00000000daf12000)
 Metaspace       used 4327K, capacity 4756K, committed 4992K, reserved 1056768K
  class space    used 488K, capacity 542K, committed 640K, reserved 1048576K
Event: 10.133 GC heap after
Heap after GC invocations=14 (full 3):
 def new generation   total 64768K, used 0K [0x00000000bb400000, 0x00000000bfa40000, 0x00000000d22a0000)
  eden space 57600K,   0% used [0x00000000bb400000, 0x00000000bb400000, 0x00000000bec40000)
  from space 7168K,   0% used [0x00000000bec40000, 0x00000000bec40000, 0x00000000bf340000)
  to   space 7168K,   0% used [0x00000000bf340000, 0x00000000bf340000, 0x00000000bfa40000)
 tenured generation   total 143816K, used 64677K [0x00000000d22a0000, 0x00000000daf12000, 0x0000000100000000)
   the space 143816K,  44% used [0x00000000d22a0000, 0x00000000d61c9550, 0x00000000d61c9600, 0x00000000daf12000)
 Metaspace       used 4327K, capacity 4756K, committed 4992K, reserved 1056768K
  class space    used 488K, capacity 542K, committed 640K, reserved 1048576K
}
Event: 10.500 GC heap before
{Heap before GC invocations=14 (full 3):
 def new generation   total 64768K, used 57600K [0x00000000bb400000, 0x00000000bfa40000, 0x00000000d22a0000)
  eden space 57600K, 100% used [0x00000000bb400000, 0x00000000bec40000, 0x00000000bec40000)
  from space 7168K,   0% used [0x00000000bec40000, 0x00000000bec40000, 0x00000000bf340000)
  to   space 7168K,   0% used [0x00000000bf340000, 0x00000000bf340000, 0x00000000bfa40000)
 tenured generation   total 271820K, used 192677K [0x00000000d22a0000, 0x00000000e2c13000, 0x0000000100000000)
   the space 271820K,  70% used [0x00000000d22a0000, 0x00000000ddec9560, 0x00000000ddec9600, 0x00000000e2c13000)
 Metaspace       used 4327K, capacity 4756K, committed 4992K, reserved 1056768K
  class space    used 488K, capacity 542K, committed 640K, reserved 1048576K
Event: 10.501 GC heap after
Heap after GC invocations=15 (full 3):
 def new generation   total 64768K, used 0K [0x00000000bb400000, 0x00000000bfa40000, 0x00000000d22a0000)
  eden space 57600K,   0% used [0x00000000bb400000, 0x00000000bb400000, 0x00000000bec40000)
  from space 7168K,   0% used [0x00000000bf340000, 0x00000000bf340230, 0x00000000bfa40000)
  to   space 7168K,   0% used [0x00000000bec40000, 0x00000000bec40000, 0x00000000bf340000)
 tenured generation   total 271820K, used 192677K [0x00000000d22a0000, 0x00000000e2c13000, 0x0000000100000000)
   the space 271820K,  70% used [0x00000000d22a0000, 0x00000000ddec9560, 0x00000000ddec9600, 0x00000000e2c13000)
 Metaspace       used 4327K, capacity 4756K, committed 4992K, reserved 1056768K
  class space    used 488K, capacity 542K, committed 640K, reserved 1048576K
}
Event: 10.656 GC heap before
{Heap before GC invocations=15 (full 3):
 def new generation   total 64768K, used 18388K [0x00000000bb400000, 0x00000000bfa40000, 0x00000000d22a0000)
  eden space 57600K,  31% used [0x00000000bb400000, 0x00000000bc5f4de8, 0x00000000bec40000)
  from space 7168K,   0% used [0x00000000bf340000, 0x00000000bf340230, 0x00000000bfa40000)
  to   space 7168K,   0% used [0x00000000bec40000, 0x00000000bec40000, 0x00000000bf340000)
 tenured generation   total 271820K, used 192677K [0x00000000d22a0000, 0x00000000e2c13000, 0x0000000100000000)
   the space 271820K,  70% used [0x00000000d22a0000, 0x00000000ddec9560, 0x00000000ddec9600, 0x00000000e2c13000)
 Metaspace       used 4327K, capacity 4756K, committed 4992K, reserved 1056768K
  class space    used 488K, capacity 542K, committed 640K, reserved 1048576K
Event: 10.675 GC heap after
Heap after GC invocations=16 (full 4):
 def new generation   total 122368K, used 0K [0x00000000bb400000, 0x00000000c38c0000, 0x00000000d22a0000)
  eden space 108800K,   0% used [0x00000000bb400000, 0x00000000bb400000, 0x00000000c1e40000)
  from space 13568K,   0% used [0x00000000c1e40000, 0x00000000c1e40000, 0x00000000c2b80000)
  to   space 13568K,   0% used [0x00000000c2b80000, 0x00000000c2b80000, 0x00000000c38c0000)
 tenured generation   total 271820K, used 128649K [0x00000000d22a0000, 0x00000000e2c13000, 0x0000000100000000)
   the space 271820K,  47% used [0x00000000d22a0000, 0x00000000da042408, 0x00000000da042600, 0x00000000e2c13000)
 Metaspace       used 4327K, capacity 4756K, committed 4992K, reserved 1056768K
  class space    used 488K, capacity 542K, committed 640K, reserved 1048576K
}
Event: 10.842 GC heap before
{Heap before GC invocations=16 (full 4):
 def new generation   total 122368K, used 97180K [0x00000000bb400000, 0x00000000c38c0000, 0x00000000d22a0000)
  eden space 108800K,  89% used [0x00000000bb400000, 0x00000000c12e7380, 0x00000000c1e40000)
  from space 13568K,   0% used [0x00000000c1e40000, 0x00000000c1e40000, 0x00000000c2b80000)
  to   space 13568K,   0% used [0x00000000c2b80000, 0x00000000c2b80000, 0x00000000c38c0000)
 tenured generation   total 271820K, used 271164K [0x00000000d22a0000, 0x00000000e2c13000, 0x0000000100000000)
   the space 271820K,  99% used [0x00000000d22a0000, 0x00000000e2b6f2d8, 0x00000000e2b6f400, 0x00000000e2c13000)
 Metaspace       used 4327K, capacity 4756K, committed 4992K, reserved 1056768K
  class space    used 488K, capacity 542K, committed 640K, reserved 1048576K

